  Level.cpp
A:\Desktop\Programming\Engine\Mogue\Mogue\Core\Object.h(7,27): error C2039: 'unique_ptr': is not a member of 'std'
C:\Program Files (x86)\Microsoft Visual Studio\2019\Community\VC\Tools\MSVC\14.28.29910\include\vector(24): message : see declaration of 'std'
A:\Desktop\Programming\Engine\Mogue\Mogue\Core\Object.h(7): error C2065: 'unique_ptr': undeclared identifier
A:\Desktop\Programming\Engine\Mogue\Mogue\Core\Object.h(7,38): error C2275: 'Component': illegal use of this type as an expression
A:\Desktop\Programming\Engine\Mogue\Mogue\Core\Component.h(2): message : see declaration of 'Component'
A:\Desktop\Programming\Engine\Mogue\Mogue\Core\Object.h(7,15): error C2974: 'std::vector': invalid template argument for '_Ty', type expected
C:\Program Files (x86)\Microsoft Visual Studio\2019\Community\VC\Tools\MSVC\14.28.29910\include\vector(416): message : see declaration of 'std::vector'
A:\Desktop\Programming\Engine\Mogue\Mogue\Core\Object.h(7,15): error C2976: 'std::vector': too few template arguments
C:\Program Files (x86)\Microsoft Visual Studio\2019\Community\VC\Tools\MSVC\14.28.29910\include\vector(416): message : see declaration of 'std::vector'
A:\Desktop\Programming\Engine\Mogue\Mogue\Core\Object.h(7,9): error C2065: 'unique_ptr': undeclared identifier
A:\Desktop\Programming\Engine\Mogue\Mogue\Core\Object.h(7,9): error C2143: syntax error: missing ')' before '>'
A:\Desktop\Programming\Engine\Mogue\Mogue\Core\Object.h(7,9): error C2059: syntax error: '>'
A:\Desktop\Programming\Engine\Mogue\Mogue\Core\Level.cpp(14,20): warning C4018: '<': signed/unsigned mismatch
A:\Desktop\Programming\Engine\Mogue\Mogue\Core\Level.cpp(21,20): warning C4018: '<': signed/unsigned mismatch
  Main.cpp
A:\Desktop\Programming\Engine\Mogue\Mogue\Core\Object.h(7,27): error C2039: 'unique_ptr': is not a member of 'std'
C:\Program Files (x86)\Microsoft Visual Studio\2019\Community\VC\Tools\MSVC\14.28.29910\include\vector(24): message : see declaration of 'std'
A:\Desktop\Programming\Engine\Mogue\Mogue\Core\Object.h(7): error C2065: 'unique_ptr': undeclared identifier
A:\Desktop\Programming\Engine\Mogue\Mogue\Core\Object.h(7,38): error C2275: 'Component': illegal use of this type as an expression
A:\Desktop\Programming\Engine\Mogue\Mogue\Core\Component.h(2): message : see declaration of 'Component'
A:\Desktop\Programming\Engine\Mogue\Mogue\Core\Object.h(7,15): error C2974: 'std::vector': invalid template argument for '_Ty', type expected
C:\Program Files (x86)\Microsoft Visual Studio\2019\Community\VC\Tools\MSVC\14.28.29910\include\vector(416): message : see declaration of 'std::vector'
A:\Desktop\Programming\Engine\Mogue\Mogue\Core\Object.h(7,15): error C2976: 'std::vector': too few template arguments
C:\Program Files (x86)\Microsoft Visual Studio\2019\Community\VC\Tools\MSVC\14.28.29910\include\vector(416): message : see declaration of 'std::vector'
A:\Desktop\Programming\Engine\Mogue\Mogue\Core\Object.h(7,9): error C2065: 'unique_ptr': undeclared identifier
A:\Desktop\Programming\Engine\Mogue\Mogue\Core\Object.h(7,9): error C2143: syntax error: missing ')' before '>'
A:\Desktop\Programming\Engine\Mogue\Mogue\Core\Object.h(7,9): error C2059: syntax error: '>'
A:\Desktop\Programming\Engine\Mogue\Mogue\Main.cpp(30,24): warning C4305: 'argument': truncation from 'double' to 'float'
  Object.cpp
A:\Desktop\Programming\Engine\Mogue\Mogue\Core\Object.h(7,27): error C2039: 'unique_ptr': is not a member of 'std'
C:\Program Files (x86)\Microsoft Visual Studio\2019\Community\VC\Tools\MSVC\14.28.29910\include\vector(24): message : see declaration of 'std'
A:\Desktop\Programming\Engine\Mogue\Mogue\Core\Object.h(7): error C2065: 'unique_ptr': undeclared identifier
A:\Desktop\Programming\Engine\Mogue\Mogue\Core\Object.h(7,38): error C2275: 'Component': illegal use of this type as an expression
A:\Desktop\Programming\Engine\Mogue\Mogue\Core\Component.h(2): message : see declaration of 'Component'
A:\Desktop\Programming\Engine\Mogue\Mogue\Core\Object.h(7,15): error C2974: 'std::vector': invalid template argument for '_Ty', type expected
C:\Program Files (x86)\Microsoft Visual Studio\2019\Community\VC\Tools\MSVC\14.28.29910\include\vector(416): message : see declaration of 'std::vector'
A:\Desktop\Programming\Engine\Mogue\Mogue\Core\Object.h(7,15): error C2976: 'std::vector': too few template arguments
C:\Program Files (x86)\Microsoft Visual Studio\2019\Community\VC\Tools\MSVC\14.28.29910\include\vector(416): message : see declaration of 'std::vector'
A:\Desktop\Programming\Engine\Mogue\Mogue\Core\Object.h(7,9): error C2065: 'unique_ptr': undeclared identifier
A:\Desktop\Programming\Engine\Mogue\Mogue\Core\Object.h(7,9): error C2143: syntax error: missing ')' before '>'
A:\Desktop\Programming\Engine\Mogue\Mogue\Core\Object.h(7,9): error C2059: syntax error: '>'
A:\Desktop\Programming\Engine\Mogue\Mogue\Core\Object.cpp(7,1): error C2511: 'Object::Object(std::vector<std::unique_ptr<Component,std::default_delete<Component>>,std::allocator<std::unique_ptr<Component,std::default_delete<Component>>>>)': overloaded member function not found in 'Object'
A:\Desktop\Programming\Engine\Mogue\Mogue\Core\Object.h(4): message : see declaration of 'Object'
A:\Desktop\Programming\Engine\Mogue\Mogue\Core\Object.cpp(12,20): warning C4018: '<': signed/unsigned mismatch
A:\Desktop\Programming\Engine\Mogue\Mogue\Core\Object.cpp(19,20): warning C4018: '<': signed/unsigned mismatch
  TestLevel.cpp
A:\Desktop\Programming\Engine\Mogue\Mogue\Core\Object.h(7,27): error C2039: 'unique_ptr': is not a member of 'std'
C:\Program Files (x86)\Microsoft Visual Studio\2019\Community\VC\Tools\MSVC\14.28.29910\include\vector(24): message : see declaration of 'std'
A:\Desktop\Programming\Engine\Mogue\Mogue\Core\Object.h(7): error C2065: 'unique_ptr': undeclared identifier
A:\Desktop\Programming\Engine\Mogue\Mogue\Core\Object.h(7,38): error C2275: 'Component': illegal use of this type as an expression
A:\Desktop\Programming\Engine\Mogue\Mogue\Core\Component.h(2): message : see declaration of 'Component'
A:\Desktop\Programming\Engine\Mogue\Mogue\Core\Object.h(7,15): error C2974: 'std::vector': invalid template argument for '_Ty', type expected
C:\Program Files (x86)\Microsoft Visual Studio\2019\Community\VC\Tools\MSVC\14.28.29910\include\vector(416): message : see declaration of 'std::vector'
A:\Desktop\Programming\Engine\Mogue\Mogue\Core\Object.h(7,15): error C2976: 'std::vector': too few template arguments
C:\Program Files (x86)\Microsoft Visual Studio\2019\Community\VC\Tools\MSVC\14.28.29910\include\vector(416): message : see declaration of 'std::vector'
A:\Desktop\Programming\Engine\Mogue\Mogue\Core\Object.h(7,9): error C2065: 'unique_ptr': undeclared identifier
A:\Desktop\Programming\Engine\Mogue\Mogue\Core\Object.h(7,9): error C2143: syntax error: missing ')' before '>'
A:\Desktop\Programming\Engine\Mogue\Mogue\Core\Object.h(7,9): error C2059: syntax error: '>'
A:\Desktop\Programming\Engine\Mogue\Mogue\Test\TestLevel.cpp(7,87): error C2440: '<function-style-cast>': cannot convert from 'initializer list' to 'std::vector<std::unique_ptr<Component,std::default_delete<Component>>,std::allocator<std::unique_ptr<Component,std::default_delete<Component>>>>'
A:\Desktop\Programming\Engine\Mogue\Mogue\Test\TestLevel.cpp(7,87): message : No constructor could take the source type, or constructor overload resolution was ambiguous
A:\Desktop\Programming\Engine\Mogue\Mogue\Test\TestLevel.cpp(7,88): error C2512: 'Object': no appropriate default constructor available
A:\Desktop\Programming\Engine\Mogue\Mogue\Test\TestLevel.cpp(7,88): message : No constructor could take the source type, or constructor overload resolution was ambiguous
A:\Desktop\Programming\Engine\Mogue\Mogue\Test\TestLevel.cpp(11,87): error C2440: '<function-style-cast>': cannot convert from 'initializer list' to 'std::vector<std::unique_ptr<Component,std::default_delete<Component>>,std::allocator<std::unique_ptr<Component,std::default_delete<Component>>>>'
A:\Desktop\Programming\Engine\Mogue\Mogue\Test\TestLevel.cpp(11,87): message : No constructor could take the source type, or constructor overload resolution was ambiguous
A:\Desktop\Programming\Engine\Mogue\Mogue\Test\TestLevel.cpp(11,88): error C2512: 'Object': no appropriate default constructor available
A:\Desktop\Programming\Engine\Mogue\Mogue\Test\TestLevel.cpp(11,88): message : No constructor could take the source type, or constructor overload resolution was ambiguous
  Generating Code...
